{"inputs": {"userid": "W433480981"}, "name": "VotingTask", "checksum": "6a9d8b16", "params": {"button_text": "I'm a voter"}, "time": 1455322984, "salt": "VotingTask", "event": "exposure"}
{"inputs": {"userid": "W433480981"}, "name": "VotingTask", "checksum": "6a9d8b16", "params": {"button_text": "I'm a voter"}, "time": 1455323301, "salt": "VotingTask", "event": "exposure"}
{"inputs": {"userid": "W433480981"}, "name": "VotingTask", "checksum": "6a9d8b16", "params": {"button_text": "I'm a voter"}, "time": 1455323303, "salt": "VotingTask", "event": "exposure"}
{"inputs": {"userid": "W433480981"}, "name": "VotingTask", "checksum": "6a9d8b16", "params": {"button_text": "I'm a voter"}, "time": 1455323304, "salt": "VotingTask", "event": "exposure"}
{"inputs": {"userid": "W433480981"}, "name": "VotingTask", "checksum": "6a9d8b16", "params": {"button_text": "I'm a voter"}, "time": 1455323305, "salt": "VotingTask", "event": "exposure"}
{"inputs": {"userid": "W43480981"}, "name": "VotingTask", "checksum": "6a9d8b16", "params": {"button_text": "I'm a voter"}, "time": 1455323313, "salt": "VotingTask", "event": "exposure"}
{"inputs": {"userid": "W43480981"}, "name": "VotingTask", "checksum": "6a9d8b16", "params": {"button_text": "I'm a voter"}, "time": 1455323318, "salt": "VotingTask", "event": "exposure"}
{"inputs": {"userid": "W3"}, "name": "VotingTask", "checksum": "6a9d8b16", "params": {"button_text": "I'm voting"}, "time": 1455323320, "salt": "VotingTask", "event": "exposure"}
{"inputs": {"userid": "W3"}, "name": "VotingTask", "checksum": "6a9d8b16", "params": {"button_text": "I'm voting"}, "time": 1455323439, "salt": "VotingTask", "event": "exposure"}
{"inputs": {"userid": "W3"}, "name": "VotingTask", "checksum": "6a9d8b16", "params": {"button_text": "I'm voting"}, "time": 1455323439, "salt": "VotingTask", "event": "exposure"}
{"inputs": {"userid": "W3"}, "name": "VotingTask", "checksum": "6a9d8b16", "params": {"button_text": "I'm voting"}, "time": 1455323457, "salt": "VotingTask", "event": "exposure"}
{"inputs": {"userid": "W3"}, "name": "VotingTask", "checksum": "6a9d8b16", "params": {"button_text": "I'm voting"}, "time": 1455323457, "salt": "VotingTask", "event": "exposure"}
{"inputs": {"userid": "W3"}, "name": "VotingTask", "checksum": "6a9d8b16", "params": {"button_text": "I'm voting"}, "time": 1455323458, "salt": "VotingTask", "event": "exposure"}
{"inputs": {"userid": "W3"}, "name": "VotingTask", "checksum": "6a9d8b16", "params": {"button_text": "I'm voting"}, "time": 1455323458, "salt": "VotingTask", "event": "exposure"}
{"inputs": {"userid": "W3"}, "name": "VotingTask", "checksum": "6a9d8b16", "params": {"button_text": "I'm voting"}, "time": 1455323459, "salt": "VotingTask", "event": "exposure"}
{"inputs": {"userid": "W3"}, "name": "VotingTask", "checksum": "6a9d8b16", "params": {"button_text": "I'm voting"}, "time": 1455323459, "salt": "VotingTask", "event": "exposure"}
{"inputs": {"userid": "W3"}, "name": "VotingTask", "checksum": "6a9d8b16", "params": {"button_text": "I'm voting"}, "time": 1455323466, "salt": "VotingTask", "event": "exposure"}
{"inputs": {"userid": "W3"}, "name": "VotingTask", "checksum": "6a9d8b16", "params": {"button_text": "I'm voting"}, "time": 1455323466, "salt": "VotingTask", "event": "exposure"}
{"inputs": {"userid": "W3"}, "name": "VotingTask", "checksum": "6a9d8b16", "params": {"button_text": "I'm voting"}, "time": 1455323554, "salt": "VotingTask", "event": "exposure"}
{"inputs": {"userid": "W3"}, "name": "VotingTask", "checksum": "6a9d8b16", "params": {"button_text": "I'm voting"}, "time": 1455323554, "salt": "VotingTask", "event": "exposure"}
{"inputs": {"userid": "W3"}, "name": "VotingTask", "checksum": "6a9d8b16", "params": {"button_text": "I'm voting"}, "time": 1455323555, "salt": "VotingTask", "event": "exposure"}
{"inputs": {"userid": "W3"}, "name": "VotingTask", "checksum": "6a9d8b16", "params": {"button_text": "I'm voting"}, "time": 1455323555, "salt": "VotingTask", "event": "exposure"}
{"inputs": {"userid": "W3"}, "name": "VotingTask", "checksum": "6a9d8b16", "params": {"button_text": "I'm voting"}, "time": 1455323555, "salt": "VotingTask", "event": "exposure"}
{"inputs": {"userid": "W3"}, "name": "VotingTask", "checksum": "6a9d8b16", "params": {"button_text": "I'm voting"}, "time": 1455323555, "salt": "VotingTask", "event": "exposure"}
{"inputs": {"userid": "W3"}, "name": "VotingTask", "checksum": "6a9d8b16", "params": {"button_text": "I'm voting"}, "time": 1455323556, "salt": "VotingTask", "event": "exposure"}
{"inputs": {"userid": "W3"}, "name": "VotingTask", "checksum": "6a9d8b16", "params": {"button_text": "I'm voting"}, "time": 1455323556, "salt": "VotingTask", "event": "exposure"}
{"inputs": {"userid": "W3"}, "name": "VotingTask", "checksum": "6a9d8b16", "params": {"button_text": "I'm voting"}, "time": 1455323556, "salt": "VotingTask", "event": "exposure"}
{"inputs": {"userid": "W3"}, "name": "VotingTask", "checksum": "6a9d8b16", "params": {"button_text": "I'm voting"}, "time": 1455323556, "salt": "VotingTask", "event": "exposure"}
{"inputs": {"userid": "W3"}, "name": "VotingTask", "checksum": "6a9d8b16", "params": {"button_text": "I'm voting"}, "time": 1455323556, "salt": "VotingTask", "event": "exposure"}
{"inputs": {"userid": "W3"}, "name": "VotingTask", "checksum": "6a9d8b16", "params": {"button_text": "I'm voting"}, "time": 1455323556, "salt": "VotingTask", "event": "exposure"}
{"inputs": {"userid": "W3"}, "name": "VotingTask", "checksum": "6a9d8b16", "params": {"button_text": "I'm voting"}, "time": 1455323556, "salt": "VotingTask", "event": "exposure"}
{"inputs": {"userid": "W3"}, "name": "VotingTask", "checksum": "6a9d8b16", "params": {"button_text": "I'm voting"}, "time": 1455323556, "salt": "VotingTask", "event": "exposure"}
{"inputs": {"userid": "W3"}, "name": "VotingTask", "checksum": "6a9d8b16", "params": {"button_text": "I'm voting"}, "time": 1455323557, "salt": "VotingTask", "event": "exposure"}
{"inputs": {"userid": "W3"}, "name": "VotingTask", "checksum": "6a9d8b16", "params": {"button_text": "I'm voting"}, "time": 1455323557, "salt": "VotingTask", "event": "exposure"}
{"inputs": {"userid": "W3"}, "name": "VotingTask", "checksum": "6a9d8b16", "params": {"button_text": "I'm voting"}, "time": 1455323805, "salt": "VotingTask", "event": "exposure"}
{"inputs": {"userid": "W3"}, "name": "VotingTask", "checksum": "6a9d8b16", "params": {"button_text": "I'm voting"}, "time": 1455323856, "salt": "VotingTask", "event": "exposure"}
{"inputs": {"userid": "W3"}, "name": "VotingTask", "checksum": "6a9d8b16", "params": {"button_text": "I'm voting"}, "time": 1455323862, "salt": "VotingTask", "event": "exposure"}
{"inputs": {"userid": "W3"}, "name": "VotingTask", "checksum": "aba5bd43", "params": {"button_color": "#0059FF", "button_text": "Signup"}, "time": 1455323862, "salt": "VotingTask", "event": "exposure"}
{"inputs": {"userid": "W3"}, "name": "VotingTask", "checksum": "6a9d8b16", "params": {"button_text": "I'm voting"}, "time": 1455323879, "salt": "VotingTask", "event": "exposure"}
{"inputs": {"userid": "W3"}, "name": "VotingTask", "checksum": "aba5bd43", "params": {"button_color": "#0059FF", "button_text": "Signup"}, "time": 1455323879, "salt": "VotingTask", "event": "exposure"}
{"inputs": {"userid": "W3"}, "name": "VotingTask", "checksum": "6a9d8b16", "params": {"button_text": "I'm voting"}, "time": 1455323880, "salt": "VotingTask", "event": "exposure"}
{"inputs": {"userid": "W3"}, "name": "VotingTask", "checksum": "aba5bd43", "params": {"button_color": "#0059FF", "button_text": "Signup"}, "time": 1455323880, "salt": "VotingTask", "event": "exposure"}
{"inputs": {"userid": "W3"}, "name": "VotingTask", "checksum": "6a9d8b16", "params": {"button_text": "I'm voting"}, "time": 1455323881, "salt": "VotingTask", "event": "exposure"}
{"inputs": {"userid": "W3"}, "name": "VotingTask", "checksum": "aba5bd43", "params": {"button_color": "#0059FF", "button_text": "Signup"}, "time": 1455323881, "salt": "VotingTask", "event": "exposure"}
{"inputs": {"userid": "W3"}, "name": "VotingTask", "checksum": "6a9d8b16", "params": {"button_text": "I'm voting"}, "time": 1455323881, "salt": "VotingTask", "event": "exposure"}
{"inputs": {"userid": "W3"}, "name": "VotingTask", "checksum": "aba5bd43", "params": {"button_color": "#0059FF", "button_text": "Signup"}, "time": 1455323881, "salt": "VotingTask", "event": "exposure"}
{"inputs": {"userid": "W3"}, "name": "VotingTask", "checksum": "6a9d8b16", "params": {"button_text": "I'm voting"}, "time": 1455323920, "salt": "VotingTask", "event": "exposure"}
{"inputs": {"userid": "W3"}, "name": "VotingTask", "checksum": "aba5bd43", "params": {"button_color": "#0059FF", "button_text": "Signup"}, "time": 1455323920, "salt": "VotingTask", "event": "exposure"}
{"inputs": {"userid": "W3"}, "name": "VotingTask", "checksum": "ea40ac15", "params": {"bu": "#e74c3c", "butto": "Just Do It"}, "time": 1455323920, "salt": "VotingTask", "event": "exposure"}
{"inputs": {"userid": "W3"}, "name": "VotingTask", "checksum": "ea40ac15", "params": {"bu": "#e74c3c", "butto": "Just Do It"}, "time": 1455323975, "salt": "VotingTask", "event": "exposure"}
{"inputs": {"userid": "W3"}, "name": "VotingTask", "checksum": "aba5bd43", "params": {"button_color": "#0059FF", "button_text": "Signup"}, "time": 1455323975, "salt": "VotingTask", "event": "exposure"}
{"inputs": {"userid": "W3"}, "name": "VotingTask", "checksum": "6a9d8b16", "params": {"button_text": "I'm voting"}, "time": 1455323975, "salt": "VotingTask", "event": "exposure"}
{"inputs": {"userid": "W3"}, "name": "VotingTask", "checksum": "ea40ac15", "params": {"bu": "#e74c3c", "butto": "Just Do It"}, "time": 1455323986, "salt": "VotingTask", "event": "exposure"}
{"inputs": {"userid": "W3"}, "name": "VotingTask", "checksum": "ea40ac15", "params": {"bu": "#e74c3c", "butto": "Just Do It"}, "time": 1455324016, "salt": "VotingTask", "event": "exposure"}
{"inputs": {"userid": "W3"}, "name": "VotingTask", "checksum": "ea40ac15", "params": {"bu": "#e74c3c", "butto": "Just Do It"}, "time": 1455324069, "salt": "VotingTask", "event": "exposure"}
{"inputs": {"userid": "W3"}, "name": "VotingTask", "checksum": "ea40ac15", "params": {"bu": "#e74c3c", "butto": "Just Do It"}, "time": 1455324077, "salt": "VotingTask", "event": "exposure"}
{"inputs": {"userid": "W3"}, "name": "VotingTask", "checksum": "ea40ac15", "params": {"bu": "#e74c3c", "butto": "Just Do It"}, "time": 1455324551, "salt": "VotingTask", "event": "exposure"}
{"inputs": {"userid": "W3"}, "name": "VotingTask", "checksum": "cdfec3a8", "params": {"button_color": "#0059FF", "button_text": "Signup"}, "time": 1455324568, "salt": "VotingTask", "event": "exposure"}
{"inputs": {"userid": "W3"}, "name": "VotingTask", "checksum": "cdfec3a8", "params": {"button_color": "#0059FF", "button_text": "Signup"}, "time": 1455324570, "salt": "VotingTask", "event": "exposure"}
{"inputs": {"userid": "W3"}, "name": "VotingTask", "checksum": "cdfec3a8", "params": {"button_color": "#0059FF", "button_text": "Signup"}, "time": 1455324571, "salt": "VotingTask", "event": "exposure"}
{"inputs": {"userid": "W3"}, "name": "VotingTask", "checksum": "cdfec3a8", "params": {"button_color": "#0059FF", "button_text": "Signup"}, "time": 1455324571, "salt": "VotingTask", "event": "exposure"}
{"inputs": {"userid": "W3"}, "name": "VotingTask", "checksum": "cdfec3a8", "params": {"button_color": "#0059FF", "button_text": "Signup"}, "time": 1455324571, "salt": "VotingTask", "event": "exposure"}
{"inputs": {"userid": "W3"}, "name": "VotingTask", "checksum": "cdfec3a8", "params": {"button_color": "#0059FF", "button_text": "Signup"}, "time": 1455324571, "salt": "VotingTask", "event": "exposure"}
{"inputs": {"userid": "W3"}, "name": "VotingTask", "checksum": "cdfec3a8", "params": {"button_color": "#0059FF", "button_text": "Signup"}, "time": 1455324571, "salt": "VotingTask", "event": "exposure"}
{"inputs": {"userid": "W3"}, "name": "VotingTask", "checksum": "cdfec3a8", "params": {"button_color": "#0059FF", "button_text": "Signup"}, "time": 1455324572, "salt": "VotingTask", "event": "exposure"}
{"inputs": {"userid": "W3"}, "name": "VotingTask", "checksum": "cdfec3a8", "params": {"button_color": "#0059FF", "button_text": "Signup"}, "time": 1455324572, "salt": "VotingTask", "event": "exposure"}
{"inputs": {"userid": "W3"}, "name": "VotingTask", "checksum": "cdfec3a8", "params": {"button_color": "#0059FF", "button_text": "Signup"}, "time": 1455324572, "salt": "VotingTask", "event": "exposure"}
{"inputs": {"userid": "W873"}, "name": "VotingTask", "checksum": "cdfec3a8", "params": {"button_color": "#16a085", "button_text": "Create Account"}, "time": 1455324576, "salt": "VotingTask", "event": "exposure"}
{"inputs": {"userid": "W8745453"}, "name": "VotingTask", "checksum": "cdfec3a8", "params": {"button_color": "#9b59b6", "button_text": "Welcome"}, "time": 1455324585, "salt": "VotingTask", "event": "exposure"}
{"inputs": {"userid": "W87454530"}, "name": "VotingTask", "checksum": "cdfec3a8", "params": {"button_color": "#16a085", "button_text": "Welcome"}, "time": 1455324773, "salt": "VotingTask", "event": "exposure"}
{"inputs": {"userid": "W87454530"}, "name": "VotingTask", "checksum": "cdfec3a8", "params": {"button_color": "#16a085", "button_text": "Welcome"}, "time": 1455324781, "salt": "VotingTask", "event": "exposure"}
{"inputs": {"userid": "W87454530"}, "name": "VotingTask", "checksum": "cdfec3a8", "params": {"button_color": "#16a085", "button_text": "Welcome"}, "time": 1455324875, "salt": "VotingTask", "event": "exposure"}
{"inputs": {"userid": "W87454531"}, "name": "VotingTask", "checksum": "cdfec3a8", "params": {"button_color": "#16a085", "button_text": "Just Do It"}, "time": 1455324875, "salt": "VotingTask", "event": "exposure"}
{"inputs": {"userid": "W87454532"}, "name": "VotingTask", "checksum": "cdfec3a8", "params": {"button_color": "#c0392b", "button_text": "Join now"}, "time": 1455324875, "salt": "VotingTask", "event": "exposure"}
{"inputs": {"userid": "W87454533"}, "name": "VotingTask", "checksum": "cdfec3a8", "params": {"button_color": "#9b59b6", "button_text": "Welcome"}, "time": 1455324875, "salt": "VotingTask", "event": "exposure"}
{"inputs": {"userid": "W87454534"}, "name": "VotingTask", "checksum": "cdfec3a8", "params": {"button_color": "#FFA500", "button_text": "Just Do It"}, "time": 1455324875, "salt": "VotingTask", "event": "exposure"}
{"inputs": {"userid": "W87454535"}, "name": "VotingTask", "checksum": "cdfec3a8", "params": {"button_color": "#16a085", "button_text": "Signup"}, "time": 1455324875, "salt": "VotingTask", "event": "exposure"}
{"inputs": {"userid": "W87454536"}, "name": "VotingTask", "checksum": "cdfec3a8", "params": {"button_color": "#1abc9c", "button_text": "Join now"}, "time": 1455324875, "salt": "VotingTask", "event": "exposure"}
{"inputs": {"userid": "W87454537"}, "name": "VotingTask", "checksum": "cdfec3a8", "params": {"button_color": "#e74c3c", "button_text": "Join now"}, "time": 1455324875, "salt": "VotingTask", "event": "exposure"}
{"inputs": {"userid": "W87454538"}, "name": "VotingTask", "checksum": "cdfec3a8", "params": {"button_color": "#9b59b6", "button_text": "Create Account"}, "time": 1455324875, "salt": "VotingTask", "event": "exposure"}
{"inputs": {"userid": "W87454539"}, "name": "VotingTask", "checksum": "cdfec3a8", "params": {"button_color": "#e74c3c", "button_text": "Welcome"}, "time": 1455324875, "salt": "VotingTask", "event": "exposure"}
{"inputs": {"userid": "W874545310"}, "name": "VotingTask", "checksum": "cdfec3a8", "params": {"button_color": "#16a085", "button_text": "Signup"}, "time": 1455324875, "salt": "VotingTask", "event": "exposure"}
{"inputs": {"userid": "W874545311"}, "name": "VotingTask", "checksum": "cdfec3a8", "params": {"button_color": "#2ecc71", "button_text": "Welcome"}, "time": 1455324875, "salt": "VotingTask", "event": "exposure"}
{"inputs": {"userid": "W874545312"}, "name": "VotingTask", "checksum": "cdfec3a8", "params": {"button_color": "#2ecc71", "button_text": "Join now"}, "time": 1455324875, "salt": "VotingTask", "event": "exposure"}
{"inputs": {"userid": "W874545313"}, "name": "VotingTask", "checksum": "cdfec3a8", "params": {"button_color": "#FFA500", "button_text": "Signup"}, "time": 1455324875, "salt": "VotingTask", "event": "exposure"}
{"inputs": {"userid": "W874545314"}, "name": "VotingTask", "checksum": "cdfec3a8", "params": {"button_color": "#c0392b", "button_text": "Just Do It"}, "time": 1455324875, "salt": "VotingTask", "event": "exposure"}
{"inputs": {"userid": "W874545315"}, "name": "VotingTask", "checksum": "cdfec3a8", "params": {"button_color": "#16a085", "button_text": "Join now"}, "time": 1455324875, "salt": "VotingTask", "event": "exposure"}
{"inputs": {"userid": "W874545316"}, "name": "VotingTask", "checksum": "cdfec3a8", "params": {"button_color": "#e74c3c", "button_text": "Welcome"}, "time": 1455324875, "salt": "VotingTask", "event": "exposure"}
{"inputs": {"userid": "W874545317"}, "name": "VotingTask", "checksum": "cdfec3a8", "params": {"button_color": "#16a085", "button_text": "Just Do It"}, "time": 1455324875, "salt": "VotingTask", "event": "exposure"}
{"inputs": {"userid": "W874545318"}, "name": "VotingTask", "checksum": "cdfec3a8", "params": {"button_color": "#c0392b", "button_text": "Make Account"}, "time": 1455324875, "salt": "VotingTask", "event": "exposure"}
{"inputs": {"userid": "W874545319"}, "name": "VotingTask", "checksum": "cdfec3a8", "params": {"button_color": "#9b59b6", "button_text": "Signup"}, "time": 1455324875, "salt": "VotingTask", "event": "exposure"}
{"inputs": {"userid": "W87454530"}, "name": "VotingTask", "checksum": "cdfec3a8", "params": {"button_color": "#16a085", "button_text": "Welcome"}, "time": 1455324925, "salt": "VotingTask", "event": "exposure"}
{"inputs": {"userid": "W87454531"}, "name": "VotingTask", "checksum": "cdfec3a8", "params": {"button_color": "#16a085", "button_text": "Just Do It"}, "time": 1455324925, "salt": "VotingTask", "event": "exposure"}
{"inputs": {"userid": "W87454532"}, "name": "VotingTask", "checksum": "cdfec3a8", "params": {"button_color": "#c0392b", "button_text": "Join now"}, "time": 1455324925, "salt": "VotingTask", "event": "exposure"}
{"inputs": {"userid": "W87454533"}, "name": "VotingTask", "checksum": "cdfec3a8", "params": {"button_color": "#9b59b6", "button_text": "Welcome"}, "time": 1455324925, "salt": "VotingTask", "event": "exposure"}
{"inputs": {"userid": "W87454534"}, "name": "VotingTask", "checksum": "cdfec3a8", "params": {"button_color": "#FFA500", "button_text": "Just Do It"}, "time": 1455324925, "salt": "VotingTask", "event": "exposure"}
{"inputs": {"userid": "W87454535"}, "name": "VotingTask", "checksum": "cdfec3a8", "params": {"button_color": "#16a085", "button_text": "Signup"}, "time": 1455324925, "salt": "VotingTask", "event": "exposure"}
{"inputs": {"userid": "W87454536"}, "name": "VotingTask", "checksum": "cdfec3a8", "params": {"button_color": "#1abc9c", "button_text": "Join now"}, "time": 1455324925, "salt": "VotingTask", "event": "exposure"}
{"inputs": {"userid": "W87454537"}, "name": "VotingTask", "checksum": "cdfec3a8", "params": {"button_color": "#e74c3c", "button_text": "Join now"}, "time": 1455324925, "salt": "VotingTask", "event": "exposure"}
{"inputs": {"userid": "W87454538"}, "name": "VotingTask", "checksum": "cdfec3a8", "params": {"button_color": "#9b59b6", "button_text": "Create Account"}, "time": 1455324925, "salt": "VotingTask", "event": "exposure"}
{"inputs": {"userid": "W87454539"}, "name": "VotingTask", "checksum": "cdfec3a8", "params": {"button_color": "#e74c3c", "button_text": "Welcome"}, "time": 1455324925, "salt": "VotingTask", "event": "exposure"}
{"inputs": {"userid": "W874545310"}, "name": "VotingTask", "checksum": "cdfec3a8", "params": {"button_color": "#16a085", "button_text": "Signup"}, "time": 1455324925, "salt": "VotingTask", "event": "exposure"}
{"inputs": {"userid": "W874545311"}, "name": "VotingTask", "checksum": "cdfec3a8", "params": {"button_color": "#2ecc71", "button_text": "Welcome"}, "time": 1455324925, "salt": "VotingTask", "event": "exposure"}
{"inputs": {"userid": "W874545312"}, "name": "VotingTask", "checksum": "cdfec3a8", "params": {"button_color": "#2ecc71", "button_text": "Join now"}, "time": 1455324925, "salt": "VotingTask", "event": "exposure"}
{"inputs": {"userid": "W874545313"}, "name": "VotingTask", "checksum": "cdfec3a8", "params": {"button_color": "#FFA500", "button_text": "Signup"}, "time": 1455324925, "salt": "VotingTask", "event": "exposure"}
{"inputs": {"userid": "W874545314"}, "name": "VotingTask", "checksum": "cdfec3a8", "params": {"button_color": "#c0392b", "button_text": "Just Do It"}, "time": 1455324925, "salt": "VotingTask", "event": "exposure"}
{"inputs": {"userid": "W874545315"}, "name": "VotingTask", "checksum": "cdfec3a8", "params": {"button_color": "#16a085", "button_text": "Join now"}, "time": 1455324925, "salt": "VotingTask", "event": "exposure"}
{"inputs": {"userid": "W874545316"}, "name": "VotingTask", "checksum": "cdfec3a8", "params": {"button_color": "#e74c3c", "button_text": "Welcome"}, "time": 1455324925, "salt": "VotingTask", "event": "exposure"}
{"inputs": {"userid": "W874545317"}, "name": "VotingTask", "checksum": "cdfec3a8", "params": {"button_color": "#16a085", "button_text": "Just Do It"}, "time": 1455324925, "salt": "VotingTask", "event": "exposure"}
{"inputs": {"userid": "W874545318"}, "name": "VotingTask", "checksum": "cdfec3a8", "params": {"button_color": "#c0392b", "button_text": "Make Account"}, "time": 1455324925, "salt": "VotingTask", "event": "exposure"}
{"inputs": {"userid": "W874545319"}, "name": "VotingTask", "checksum": "cdfec3a8", "params": {"button_color": "#9b59b6", "button_text": "Signup"}, "time": 1455324925, "salt": "VotingTask", "event": "exposure"}
{"inputs": {"userid": "W87454530"}, "name": "VotingTask", "checksum": "cdfec3a8", "params": {"button_color": "#16a085", "button_text": "Welcome"}, "time": 1455324993, "salt": "VotingTask", "event": "exposure"}
{"inputs": {"userid": "W87454531"}, "name": "VotingTask", "checksum": "cdfec3a8", "params": {"button_color": "#16a085", "button_text": "Just Do It"}, "time": 1455324993, "salt": "VotingTask", "event": "exposure"}
{"inputs": {"userid": "W87454532"}, "name": "VotingTask", "checksum": "cdfec3a8", "params": {"button_color": "#c0392b", "button_text": "Join now"}, "time": 1455324993, "salt": "VotingTask", "event": "exposure"}
{"inputs": {"userid": "W87454533"}, "name": "VotingTask", "checksum": "cdfec3a8", "params": {"button_color": "#9b59b6", "button_text": "Welcome"}, "time": 1455324993, "salt": "VotingTask", "event": "exposure"}
{"inputs": {"userid": "W87454534"}, "name": "VotingTask", "checksum": "cdfec3a8", "params": {"button_color": "#FFA500", "button_text": "Just Do It"}, "time": 1455324993, "salt": "VotingTask", "event": "exposure"}
{"inputs": {"userid": "W87454535"}, "name": "VotingTask", "checksum": "cdfec3a8", "params": {"button_color": "#16a085", "button_text": "Signup"}, "time": 1455324993, "salt": "VotingTask", "event": "exposure"}
{"inputs": {"userid": "W87454536"}, "name": "VotingTask", "checksum": "cdfec3a8", "params": {"button_color": "#1abc9c", "button_text": "Join now"}, "time": 1455324993, "salt": "VotingTask", "event": "exposure"}
{"inputs": {"userid": "W87454537"}, "name": "VotingTask", "checksum": "cdfec3a8", "params": {"button_color": "#e74c3c", "button_text": "Join now"}, "time": 1455324993, "salt": "VotingTask", "event": "exposure"}
{"inputs": {"userid": "W87454538"}, "name": "VotingTask", "checksum": "cdfec3a8", "params": {"button_color": "#9b59b6", "button_text": "Create Account"}, "time": 1455324993, "salt": "VotingTask", "event": "exposure"}
{"inputs": {"userid": "W87454539"}, "name": "VotingTask", "checksum": "cdfec3a8", "params": {"button_color": "#e74c3c", "button_text": "Welcome"}, "time": 1455324993, "salt": "VotingTask", "event": "exposure"}
{"inputs": {"userid": "W874545310"}, "name": "VotingTask", "checksum": "cdfec3a8", "params": {"button_color": "#16a085", "button_text": "Signup"}, "time": 1455324993, "salt": "VotingTask", "event": "exposure"}
{"inputs": {"userid": "W874545311"}, "name": "VotingTask", "checksum": "cdfec3a8", "params": {"button_color": "#2ecc71", "button_text": "Welcome"}, "time": 1455324993, "salt": "VotingTask", "event": "exposure"}
{"inputs": {"userid": "W874545312"}, "name": "VotingTask", "checksum": "cdfec3a8", "params": {"button_color": "#2ecc71", "button_text": "Join now"}, "time": 1455324993, "salt": "VotingTask", "event": "exposure"}
{"inputs": {"userid": "W874545313"}, "name": "VotingTask", "checksum": "cdfec3a8", "params": {"button_color": "#FFA500", "button_text": "Signup"}, "time": 1455324993, "salt": "VotingTask", "event": "exposure"}
{"inputs": {"userid": "W874545314"}, "name": "VotingTask", "checksum": "cdfec3a8", "params": {"button_color": "#c0392b", "button_text": "Just Do It"}, "time": 1455324993, "salt": "VotingTask", "event": "exposure"}
{"inputs": {"userid": "W874545315"}, "name": "VotingTask", "checksum": "cdfec3a8", "params": {"button_color": "#16a085", "button_text": "Join now"}, "time": 1455324993, "salt": "VotingTask", "event": "exposure"}
{"inputs": {"userid": "W874545316"}, "name": "VotingTask", "checksum": "cdfec3a8", "params": {"button_color": "#e74c3c", "button_text": "Welcome"}, "time": 1455324993, "salt": "VotingTask", "event": "exposure"}
{"inputs": {"userid": "W874545317"}, "name": "VotingTask", "checksum": "cdfec3a8", "params": {"button_color": "#16a085", "button_text": "Just Do It"}, "time": 1455324993, "salt": "VotingTask", "event": "exposure"}
{"inputs": {"userid": "W874545318"}, "name": "VotingTask", "checksum": "cdfec3a8", "params": {"button_color": "#c0392b", "button_text": "Make Account"}, "time": 1455324993, "salt": "VotingTask", "event": "exposure"}
{"inputs": {"userid": "W874545319"}, "name": "VotingTask", "checksum": "cdfec3a8", "params": {"button_color": "#9b59b6", "button_text": "Signup"}, "time": 1455324993, "salt": "VotingTask", "event": "exposure"}
{"inputs": {"userid": "W87454530"}, "name": "VotingTask", "checksum": "cdfec3a8", "params": {"button_color": "#16a085", "button_text": "Welcome"}, "time": 1455325027, "salt": "VotingTask", "event": "exposure"}
{"inputs": {"userid": "W87454531"}, "name": "VotingTask", "checksum": "cdfec3a8", "params": {"button_color": "#16a085", "button_text": "Just Do It"}, "time": 1455325027, "salt": "VotingTask", "event": "exposure"}
{"inputs": {"userid": "W87454532"}, "name": "VotingTask", "checksum": "cdfec3a8", "params": {"button_color": "#c0392b", "button_text": "Join now"}, "time": 1455325027, "salt": "VotingTask", "event": "exposure"}
{"inputs": {"userid": "W87454533"}, "name": "VotingTask", "checksum": "cdfec3a8", "params": {"button_color": "#9b59b6", "button_text": "Welcome"}, "time": 1455325027, "salt": "VotingTask", "event": "exposure"}
{"inputs": {"userid": "W87454534"}, "name": "VotingTask", "checksum": "cdfec3a8", "params": {"button_color": "#FFA500", "button_text": "Just Do It"}, "time": 1455325027, "salt": "VotingTask", "event": "exposure"}
{"inputs": {"userid": "W87454535"}, "name": "VotingTask", "checksum": "cdfec3a8", "params": {"button_color": "#16a085", "button_text": "Signup"}, "time": 1455325027, "salt": "VotingTask", "event": "exposure"}
{"inputs": {"userid": "W87454536"}, "name": "VotingTask", "checksum": "cdfec3a8", "params": {"button_color": "#1abc9c", "button_text": "Join now"}, "time": 1455325027, "salt": "VotingTask", "event": "exposure"}
{"inputs": {"userid": "W87454537"}, "name": "VotingTask", "checksum": "cdfec3a8", "params": {"button_color": "#e74c3c", "button_text": "Join now"}, "time": 1455325027, "salt": "VotingTask", "event": "exposure"}
{"inputs": {"userid": "W87454538"}, "name": "VotingTask", "checksum": "cdfec3a8", "params": {"button_color": "#9b59b6", "button_text": "Create Account"}, "time": 1455325027, "salt": "VotingTask", "event": "exposure"}
{"inputs": {"userid": "W87454539"}, "name": "VotingTask", "checksum": "cdfec3a8", "params": {"button_color": "#e74c3c", "button_text": "Welcome"}, "time": 1455325027, "salt": "VotingTask", "event": "exposure"}
{"inputs": {"userid": "W874545310"}, "name": "VotingTask", "checksum": "cdfec3a8", "params": {"button_color": "#16a085", "button_text": "Signup"}, "time": 1455325027, "salt": "VotingTask", "event": "exposure"}
{"inputs": {"userid": "W874545311"}, "name": "VotingTask", "checksum": "cdfec3a8", "params": {"button_color": "#2ecc71", "button_text": "Welcome"}, "time": 1455325027, "salt": "VotingTask", "event": "exposure"}
{"inputs": {"userid": "W874545312"}, "name": "VotingTask", "checksum": "cdfec3a8", "params": {"button_color": "#2ecc71", "button_text": "Join now"}, "time": 1455325027, "salt": "VotingTask", "event": "exposure"}
{"inputs": {"userid": "W874545313"}, "name": "VotingTask", "checksum": "cdfec3a8", "params": {"button_color": "#FFA500", "button_text": "Signup"}, "time": 1455325027, "salt": "VotingTask", "event": "exposure"}
{"inputs": {"userid": "W874545314"}, "name": "VotingTask", "checksum": "cdfec3a8", "params": {"button_color": "#c0392b", "button_text": "Just Do It"}, "time": 1455325027, "salt": "VotingTask", "event": "exposure"}
{"inputs": {"userid": "W874545315"}, "name": "VotingTask", "checksum": "cdfec3a8", "params": {"button_color": "#16a085", "button_text": "Join now"}, "time": 1455325027, "salt": "VotingTask", "event": "exposure"}
{"inputs": {"userid": "W874545316"}, "name": "VotingTask", "checksum": "cdfec3a8", "params": {"button_color": "#e74c3c", "button_text": "Welcome"}, "time": 1455325027, "salt": "VotingTask", "event": "exposure"}
{"inputs": {"userid": "W874545317"}, "name": "VotingTask", "checksum": "cdfec3a8", "params": {"button_color": "#16a085", "button_text": "Just Do It"}, "time": 1455325027, "salt": "VotingTask", "event": "exposure"}
{"inputs": {"userid": "W874545318"}, "name": "VotingTask", "checksum": "cdfec3a8", "params": {"button_color": "#c0392b", "button_text": "Make Account"}, "time": 1455325027, "salt": "VotingTask", "event": "exposure"}
{"inputs": {"userid": "W874545319"}, "name": "VotingTask", "checksum": "cdfec3a8", "params": {"button_color": "#9b59b6", "button_text": "Signup"}, "time": 1455325027, "salt": "VotingTask", "event": "exposure"}
{"inputs": {"userid": "W87454530"}, "name": "VotingTask", "checksum": "cdfec3a8", "params": {"button_color": "#16a085", "button_text": "Welcome"}, "time": 1455325027, "salt": "VotingTask", "event": "exposure"}
{"inputs": {"userid": "W87454531"}, "name": "VotingTask", "checksum": "cdfec3a8", "params": {"button_color": "#16a085", "button_text": "Just Do It"}, "time": 1455325027, "salt": "VotingTask", "event": "exposure"}
{"inputs": {"userid": "W87454532"}, "name": "VotingTask", "checksum": "cdfec3a8", "params": {"button_color": "#c0392b", "button_text": "Join now"}, "time": 1455325027, "salt": "VotingTask", "event": "exposure"}
{"inputs": {"userid": "W87454533"}, "name": "VotingTask", "checksum": "cdfec3a8", "params": {"button_color": "#9b59b6", "button_text": "Welcome"}, "time": 1455325027, "salt": "VotingTask", "event": "exposure"}
{"inputs": {"userid": "W87454534"}, "name": "VotingTask", "checksum": "cdfec3a8", "params": {"button_color": "#FFA500", "button_text": "Just Do It"}, "time": 1455325027, "salt": "VotingTask", "event": "exposure"}
{"inputs": {"userid": "W87454530"}, "name": "VotingTask", "checksum": "cdfec3a8", "params": {"button_color": "#16a085", "button_text": "Welcome"}, "time": 1455325047, "salt": "VotingTask", "event": "exposure"}
{"inputs": {"userid": "W87454531"}, "name": "VotingTask", "checksum": "cdfec3a8", "params": {"button_color": "#16a085", "button_text": "Just Do It"}, "time": 1455325047, "salt": "VotingTask", "event": "exposure"}
{"inputs": {"userid": "W87454532"}, "name": "VotingTask", "checksum": "cdfec3a8", "params": {"button_color": "#c0392b", "button_text": "Join now"}, "time": 1455325047, "salt": "VotingTask", "event": "exposure"}
{"inputs": {"userid": "W87454533"}, "name": "VotingTask", "checksum": "cdfec3a8", "params": {"button_color": "#9b59b6", "button_text": "Welcome"}, "time": 1455325047, "salt": "VotingTask", "event": "exposure"}
{"inputs": {"userid": "W87454534"}, "name": "VotingTask", "checksum": "cdfec3a8", "params": {"button_color": "#FFA500", "button_text": "Just Do It"}, "time": 1455325047, "salt": "VotingTask", "event": "exposure"}
{"inputs": {"userid": "W87454530"}, "name": "VotingTask", "checksum": "cdfec3a8", "params": {"button_color": "#16a085", "button_text": "Welcome"}, "time": 1455325047, "salt": "VotingTask", "event": "exposure"}
{"inputs": {"userid": "W87454531"}, "name": "VotingTask", "checksum": "cdfec3a8", "params": {"button_color": "#16a085", "button_text": "Just Do It"}, "time": 1455325047, "salt": "VotingTask", "event": "exposure"}
{"inputs": {"userid": "W87454532"}, "name": "VotingTask", "checksum": "cdfec3a8", "params": {"button_color": "#c0392b", "button_text": "Join now"}, "time": 1455325047, "salt": "VotingTask", "event": "exposure"}
{"inputs": {"userid": "W87454533"}, "name": "VotingTask", "checksum": "cdfec3a8", "params": {"button_color": "#9b59b6", "button_text": "Welcome"}, "time": 1455325047, "salt": "VotingTask", "event": "exposure"}
{"inputs": {"userid": "W87454534"}, "name": "VotingTask", "checksum": "cdfec3a8", "params": {"button_color": "#FFA500", "button_text": "Just Do It"}, "time": 1455325047, "salt": "VotingTask", "event": "exposure"}
{"inputs": {"userid": "W87454530"}, "name": "VotingTask", "checksum": "cdfec3a8", "params": {"button_color": "#16a085", "button_text": "Welcome"}, "time": 1455325048, "salt": "VotingTask", "event": "exposure"}
{"inputs": {"userid": "W87454531"}, "name": "VotingTask", "checksum": "cdfec3a8", "params": {"button_color": "#16a085", "button_text": "Just Do It"}, "time": 1455325048, "salt": "VotingTask", "event": "exposure"}
{"inputs": {"userid": "W87454532"}, "name": "VotingTask", "checksum": "cdfec3a8", "params": {"button_color": "#c0392b", "button_text": "Join now"}, "time": 1455325048, "salt": "VotingTask", "event": "exposure"}
{"inputs": {"userid": "W87454533"}, "name": "VotingTask", "checksum": "cdfec3a8", "params": {"button_color": "#9b59b6", "button_text": "Welcome"}, "time": 1455325048, "salt": "VotingTask", "event": "exposure"}
{"inputs": {"userid": "W87454534"}, "name": "VotingTask", "checksum": "cdfec3a8", "params": {"button_color": "#FFA500", "button_text": "Just Do It"}, "time": 1455325048, "salt": "VotingTask", "event": "exposure"}
{"inputs": {"userid": "W87454530"}, "name": "VotingTask", "checksum": "cdfec3a8", "params": {"button_color": "#16a085", "button_text": "Welcome"}, "time": 1455325048, "salt": "VotingTask", "event": "exposure"}
{"inputs": {"userid": "W87454531"}, "name": "VotingTask", "checksum": "cdfec3a8", "params": {"button_color": "#16a085", "button_text": "Just Do It"}, "time": 1455325048, "salt": "VotingTask", "event": "exposure"}
{"inputs": {"userid": "W87454532"}, "name": "VotingTask", "checksum": "cdfec3a8", "params": {"button_color": "#c0392b", "button_text": "Join now"}, "time": 1455325048, "salt": "VotingTask", "event": "exposure"}
{"inputs": {"userid": "W87454533"}, "name": "VotingTask", "checksum": "cdfec3a8", "params": {"button_color": "#9b59b6", "button_text": "Welcome"}, "time": 1455325048, "salt": "VotingTask", "event": "exposure"}
{"inputs": {"userid": "W87454534"}, "name": "VotingTask", "checksum": "cdfec3a8", "params": {"button_color": "#FFA500", "button_text": "Just Do It"}, "time": 1455325048, "salt": "VotingTask", "event": "exposure"}
{"inputs": {"userid": "W87454530"}, "name": "VotingTask", "checksum": "cdfec3a8", "params": {"button_color": "#16a085", "button_text": "Welcome"}, "time": 1455325048, "salt": "VotingTask", "event": "exposure"}
{"inputs": {"userid": "W87454531"}, "name": "VotingTask", "checksum": "cdfec3a8", "params": {"button_color": "#16a085", "button_text": "Just Do It"}, "time": 1455325048, "salt": "VotingTask", "event": "exposure"}
{"inputs": {"userid": "W87454532"}, "name": "VotingTask", "checksum": "cdfec3a8", "params": {"button_color": "#c0392b", "button_text": "Join now"}, "time": 1455325048, "salt": "VotingTask", "event": "exposure"}
{"inputs": {"userid": "W87454533"}, "name": "VotingTask", "checksum": "cdfec3a8", "params": {"button_color": "#9b59b6", "button_text": "Welcome"}, "time": 1455325048, "salt": "VotingTask", "event": "exposure"}
{"inputs": {"userid": "W87454534"}, "name": "VotingTask", "checksum": "cdfec3a8", "params": {"button_color": "#FFA500", "button_text": "Just Do It"}, "time": 1455325048, "salt": "VotingTask", "event": "exposure"}
{"inputs": {"userid": "W87454530"}, "name": "VotingTask", "checksum": "cdfec3a8", "params": {"button_color": "#16a085", "button_text": "Welcome"}, "time": 1455325048, "salt": "VotingTask", "event": "exposure"}
{"inputs": {"userid": "W87454531"}, "name": "VotingTask", "checksum": "cdfec3a8", "params": {"button_color": "#16a085", "button_text": "Just Do It"}, "time": 1455325048, "salt": "VotingTask", "event": "exposure"}
{"inputs": {"userid": "W87454532"}, "name": "VotingTask", "checksum": "cdfec3a8", "params": {"button_color": "#c0392b", "button_text": "Join now"}, "time": 1455325048, "salt": "VotingTask", "event": "exposure"}
{"inputs": {"userid": "W87454533"}, "name": "VotingTask", "checksum": "cdfec3a8", "params": {"button_color": "#9b59b6", "button_text": "Welcome"}, "time": 1455325048, "salt": "VotingTask", "event": "exposure"}
{"inputs": {"userid": "W87454534"}, "name": "VotingTask", "checksum": "cdfec3a8", "params": {"button_color": "#FFA500", "button_text": "Just Do It"}, "time": 1455325048, "salt": "VotingTask", "event": "exposure"}
{"inputs": {"userid": "W8745450"}, "name": "VotingTask", "checksum": "cdfec3a8", "params": {"button_color": "#FFA500", "button_text": "Join now"}, "time": 1455325052, "salt": "VotingTask", "event": "exposure"}
{"inputs": {"userid": "W8745451"}, "name": "VotingTask", "checksum": "cdfec3a8", "params": {"button_color": "#0059FF", "button_text": "Welcome"}, "time": 1455325052, "salt": "VotingTask", "event": "exposure"}
{"inputs": {"userid": "W8745452"}, "name": "VotingTask", "checksum": "cdfec3a8", "params": {"button_color": "#FFA500", "button_text": "Just Do It"}, "time": 1455325052, "salt": "VotingTask", "event": "exposure"}
{"inputs": {"userid": "W8745453"}, "name": "VotingTask", "checksum": "cdfec3a8", "params": {"button_color": "#9b59b6", "button_text": "Welcome"}, "time": 1455325052, "salt": "VotingTask", "event": "exposure"}
{"inputs": {"userid": "W8745454"}, "name": "VotingTask", "checksum": "cdfec3a8", "params": {"button_color": "#2ecc71", "button_text": "Signup"}, "time": 1455325052, "salt": "VotingTask", "event": "exposure"}
{"inputs": {"userid": "W87454530"}, "name": "VotingTask", "checksum": "cdfec3a8", "params": {"button_color": "#16a085", "button_text": "Welcome"}, "time": 1455335980, "salt": "VotingTask", "event": "exposure"}
{"inputs": {"userid": "W87454531"}, "name": "VotingTask", "checksum": "cdfec3a8", "params": {"button_color": "#16a085", "button_text": "Just Do It"}, "time": 1455335980, "salt": "VotingTask", "event": "exposure"}
{"inputs": {"userid": "W87454532"}, "name": "VotingTask", "checksum": "cdfec3a8", "params": {"button_color": "#c0392b", "button_text": "Join now"}, "time": 1455335980, "salt": "VotingTask", "event": "exposure"}
{"inputs": {"userid": "W87454533"}, "name": "VotingTask", "checksum": "cdfec3a8", "params": {"button_color": "#9b59b6", "button_text": "Welcome"}, "time": 1455335980, "salt": "VotingTask", "event": "exposure"}
{"inputs": {"userid": "W87454534"}, "name": "VotingTask", "checksum": "cdfec3a8", "params": {"button_color": "#FFA500", "button_text": "Just Do It"}, "time": 1455335980, "salt": "VotingTask", "event": "exposure"}
{"inputs": {"userid": "W87454530"}, "name": "VotingTask", "checksum": "cdfec3a8", "params": {"button_color": "#16a085", "button_text": "Welcome"}, "time": 1455335981, "salt": "VotingTask", "event": "exposure"}
{"inputs": {"userid": "W87454531"}, "name": "VotingTask", "checksum": "cdfec3a8", "params": {"button_color": "#16a085", "button_text": "Just Do It"}, "time": 1455335981, "salt": "VotingTask", "event": "exposure"}
{"inputs": {"userid": "W87454532"}, "name": "VotingTask", "checksum": "cdfec3a8", "params": {"button_color": "#c0392b", "button_text": "Join now"}, "time": 1455335981, "salt": "VotingTask", "event": "exposure"}
{"inputs": {"userid": "W87454533"}, "name": "VotingTask", "checksum": "cdfec3a8", "params": {"button_color": "#9b59b6", "button_text": "Welcome"}, "time": 1455335981, "salt": "VotingTask", "event": "exposure"}
{"inputs": {"userid": "W87454534"}, "name": "VotingTask", "checksum": "cdfec3a8", "params": {"button_color": "#FFA500", "button_text": "Just Do It"}, "time": 1455335981, "salt": "VotingTask", "event": "exposure"}
{"inputs": {"userid": "W87454530"}, "name": "VotingTask", "checksum": "cdfec3a8", "params": {"button_color": "#16a085", "button_text": "Welcome"}, "time": 1455335982, "salt": "VotingTask", "event": "exposure"}
{"inputs": {"userid": "W87454531"}, "name": "VotingTask", "checksum": "cdfec3a8", "params": {"button_color": "#16a085", "button_text": "Just Do It"}, "time": 1455335982, "salt": "VotingTask", "event": "exposure"}
{"inputs": {"userid": "W87454532"}, "name": "VotingTask", "checksum": "cdfec3a8", "params": {"button_color": "#c0392b", "button_text": "Join now"}, "time": 1455335982, "salt": "VotingTask", "event": "exposure"}
{"inputs": {"userid": "W87454533"}, "name": "VotingTask", "checksum": "cdfec3a8", "params": {"button_color": "#9b59b6", "button_text": "Welcome"}, "time": 1455335982, "salt": "VotingTask", "event": "exposure"}
{"inputs": {"userid": "W87454534"}, "name": "VotingTask", "checksum": "cdfec3a8", "params": {"button_color": "#FFA500", "button_text": "Just Do It"}, "time": 1455335982, "salt": "VotingTask", "event": "exposure"}
{"inputs": {"userid": "W87454530"}, "name": "VotingTask", "checksum": "cdfec3a8", "params": {"button_color": "#16a085", "button_text": "Welcome"}, "time": 1455335983, "salt": "VotingTask", "event": "exposure"}
{"inputs": {"userid": "W87454531"}, "name": "VotingTask", "checksum": "cdfec3a8", "params": {"button_color": "#16a085", "button_text": "Just Do It"}, "time": 1455335983, "salt": "VotingTask", "event": "exposure"}
{"inputs": {"userid": "W87454532"}, "name": "VotingTask", "checksum": "cdfec3a8", "params": {"button_color": "#c0392b", "button_text": "Join now"}, "time": 1455335983, "salt": "VotingTask", "event": "exposure"}
{"inputs": {"userid": "W87454533"}, "name": "VotingTask", "checksum": "cdfec3a8", "params": {"button_color": "#9b59b6", "button_text": "Welcome"}, "time": 1455335983, "salt": "VotingTask", "event": "exposure"}
{"inputs": {"userid": "W87454534"}, "name": "VotingTask", "checksum": "cdfec3a8", "params": {"button_color": "#FFA500", "button_text": "Just Do It"}, "time": 1455335983, "salt": "VotingTask", "event": "exposure"}
{"inputs": {"userid": "W87454530"}, "name": "VotingTask", "checksum": "cdfec3a8", "params": {"button_color": "#16a085", "button_text": "Welcome"}, "time": 1455336076, "salt": "VotingTask", "event": "exposure"}
{"inputs": {"userid": "W87454531"}, "name": "VotingTask", "checksum": "cdfec3a8", "params": {"button_color": "#16a085", "button_text": "Just Do It"}, "time": 1455336076, "salt": "VotingTask", "event": "exposure"}
{"inputs": {"userid": "W87454532"}, "name": "VotingTask", "checksum": "cdfec3a8", "params": {"button_color": "#c0392b", "button_text": "Join now"}, "time": 1455336076, "salt": "VotingTask", "event": "exposure"}
{"inputs": {"userid": "W87454533"}, "name": "VotingTask", "checksum": "cdfec3a8", "params": {"button_color": "#9b59b6", "button_text": "Welcome"}, "time": 1455336076, "salt": "VotingTask", "event": "exposure"}
{"inputs": {"userid": "W87454534"}, "name": "VotingTask", "checksum": "cdfec3a8", "params": {"button_color": "#FFA500", "button_text": "Just Do It"}, "time": 1455336076, "salt": "VotingTask", "event": "exposure"}
{"inputs": {"userid": "blah0"}, "name": "VotingTask", "checksum": "cdfec3a8", "params": {"button_color": "#9b59b6", "button_text": "Make Account"}, "time": 1455338574, "salt": "VotingTask", "event": "exposure"}
{"inputs": {"userid": "blah1"}, "name": "VotingTask", "checksum": "cdfec3a8", "params": {"button_color": "#c0392b", "button_text": "Join now"}, "time": 1455338574, "salt": "VotingTask", "event": "exposure"}
{"inputs": {"userid": "blah2"}, "name": "VotingTask", "checksum": "cdfec3a8", "params": {"button_color": "#c0392b", "button_text": "Welcome"}, "time": 1455338574, "salt": "VotingTask", "event": "exposure"}
{"inputs": {"userid": "blah3"}, "name": "VotingTask", "checksum": "cdfec3a8", "params": {"button_color": "#FFA500", "button_text": "Signup"}, "time": 1455338574, "salt": "VotingTask", "event": "exposure"}
{"inputs": {"userid": "blah4"}, "name": "VotingTask", "checksum": "cdfec3a8", "params": {"button_color": "#c0392b", "button_text": "Make Account"}, "time": 1455338574, "salt": "VotingTask", "event": "exposure"}
{"inputs": {"userid": "W87454530"}, "name": "VotingTask", "checksum": "cdfec3a8", "params": {"button_color": "#16a085", "button_text": "Welcome"}, "time": 1455338696, "salt": "VotingTask", "event": "exposure"}
{"inputs": {"userid": "W87454531"}, "name": "VotingTask", "checksum": "cdfec3a8", "params": {"button_color": "#16a085", "button_text": "Just Do It"}, "time": 1455338696, "salt": "VotingTask", "event": "exposure"}
{"inputs": {"userid": "W87454532"}, "name": "VotingTask", "checksum": "cdfec3a8", "params": {"button_color": "#c0392b", "button_text": "Join now"}, "time": 1455338696, "salt": "VotingTask", "event": "exposure"}
{"inputs": {"userid": "W87454533"}, "name": "VotingTask", "checksum": "cdfec3a8", "params": {"button_color": "#9b59b6", "button_text": "Welcome"}, "time": 1455338696, "salt": "VotingTask", "event": "exposure"}
{"inputs": {"userid": "W87454534"}, "name": "VotingTask", "checksum": "cdfec3a8", "params": {"button_color": "#FFA500", "button_text": "Just Do It"}, "time": 1455338696, "salt": "VotingTask", "event": "exposure"}
{"inputs": {"userid": "W87454530"}, "name": "VotingTask", "checksum": "cdfec3a8", "params": {"button_color": "#16a085", "button_text": "Welcome"}, "time": 1455338704, "salt": "VotingTask", "event": "exposure"}
{"inputs": {"userid": "W87454531"}, "name": "VotingTask", "checksum": "cdfec3a8", "params": {"button_color": "#16a085", "button_text": "Just Do It"}, "time": 1455338704, "salt": "VotingTask", "event": "exposure"}
{"inputs": {"userid": "W87454532"}, "name": "VotingTask", "checksum": "cdfec3a8", "params": {"button_color": "#c0392b", "button_text": "Join now"}, "time": 1455338704, "salt": "VotingTask", "event": "exposure"}
{"inputs": {"userid": "W87454533"}, "name": "VotingTask", "checksum": "cdfec3a8", "params": {"button_color": "#9b59b6", "button_text": "Welcome"}, "time": 1455338704, "salt": "VotingTask", "event": "exposure"}
{"inputs": {"userid": "W87454534"}, "name": "VotingTask", "checksum": "cdfec3a8", "params": {"button_color": "#FFA500", "button_text": "Just Do It"}, "time": 1455338704, "salt": "VotingTask", "event": "exposure"}
{"inputs": {"userid": "blah0"}, "name": "VotingTask", "checksum": "cdfec3a8", "params": {"button_color": "#9b59b6", "button_text": "Make Account"}, "time": 1455338749, "salt": "VotingTask", "event": "exposure"}
{"inputs": {"userid": "blah1"}, "name": "VotingTask", "checksum": "cdfec3a8", "params": {"button_color": "#c0392b", "button_text": "Join now"}, "time": 1455338749, "salt": "VotingTask", "event": "exposure"}
{"inputs": {"userid": "blah2"}, "name": "VotingTask", "checksum": "cdfec3a8", "params": {"button_color": "#c0392b", "button_text": "Welcome"}, "time": 1455338749, "salt": "VotingTask", "event": "exposure"}
{"inputs": {"userid": "blah3"}, "name": "VotingTask", "checksum": "cdfec3a8", "params": {"button_color": "#FFA500", "button_text": "Signup"}, "time": 1455338749, "salt": "VotingTask", "event": "exposure"}
{"inputs": {"userid": "blah4"}, "name": "VotingTask", "checksum": "cdfec3a8", "params": {"button_color": "#c0392b", "button_text": "Make Account"}, "time": 1455338749, "salt": "VotingTask", "event": "exposure"}
{"inputs": {"userid": "W87454530"}, "name": "VotingTask", "checksum": "cdfec3a8", "params": {"button_color": "#16a085", "button_text": "Welcome"}, "time": 1455338815, "salt": "VotingTask", "event": "exposure"}
{"inputs": {"userid": "W87454531"}, "name": "VotingTask", "checksum": "cdfec3a8", "params": {"button_color": "#16a085", "button_text": "Just Do It"}, "time": 1455338815, "salt": "VotingTask", "event": "exposure"}
{"inputs": {"userid": "W87454532"}, "name": "VotingTask", "checksum": "cdfec3a8", "params": {"button_color": "#c0392b", "button_text": "Join now"}, "time": 1455338815, "salt": "VotingTask", "event": "exposure"}
{"inputs": {"userid": "W87454533"}, "name": "VotingTask", "checksum": "cdfec3a8", "params": {"button_color": "#9b59b6", "button_text": "Welcome"}, "time": 1455338815, "salt": "VotingTask", "event": "exposure"}
{"inputs": {"userid": "W87454534"}, "name": "VotingTask", "checksum": "cdfec3a8", "params": {"button_color": "#FFA500", "button_text": "Just Do It"}, "time": 1455338815, "salt": "VotingTask", "event": "exposure"}
{"inputs": {"userid": "blah0"}, "name": "VotingTask", "checksum": "cdfec3a8", "params": {"button_color": "#9b59b6", "button_text": "Make Account"}, "time": 1455339156, "salt": "VotingTask", "event": "exposure"}
{"inputs": {"userid": "blah1"}, "name": "VotingTask", "checksum": "cdfec3a8", "params": {"button_color": "#c0392b", "button_text": "Join now"}, "time": 1455339156, "salt": "VotingTask", "event": "exposure"}
{"inputs": {"userid": "blah2"}, "name": "VotingTask", "checksum": "cdfec3a8", "params": {"button_color": "#c0392b", "button_text": "Welcome"}, "time": 1455339156, "salt": "VotingTask", "event": "exposure"}
{"inputs": {"userid": "blah3"}, "name": "VotingTask", "checksum": "cdfec3a8", "params": {"button_color": "#FFA500", "button_text": "Signup"}, "time": 1455339156, "salt": "VotingTask", "event": "exposure"}
{"inputs": {"userid": "blah4"}, "name": "VotingTask", "checksum": "cdfec3a8", "params": {"button_color": "#c0392b", "button_text": "Make Account"}, "time": 1455339156, "salt": "VotingTask", "event": "exposure"}
{"inputs": {"userid": "blah0"}, "name": "VotingTask", "checksum": "cdfec3a8", "params": {"button_color": "#9b59b6", "button_text": "Make Account"}, "time": 1455339245, "salt": "VotingTask", "event": "exposure"}
{"inputs": {"userid": "blah1"}, "name": "VotingTask", "checksum": "cdfec3a8", "params": {"button_color": "#c0392b", "button_text": "Join now"}, "time": 1455339245, "salt": "VotingTask", "event": "exposure"}
{"inputs": {"userid": "blah2"}, "name": "VotingTask", "checksum": "cdfec3a8", "params": {"button_color": "#c0392b", "button_text": "Welcome"}, "time": 1455339245, "salt": "VotingTask", "event": "exposure"}
{"inputs": {"userid": "blah3"}, "name": "VotingTask", "checksum": "cdfec3a8", "params": {"button_color": "#FFA500", "button_text": "Signup"}, "time": 1455339245, "salt": "VotingTask", "event": "exposure"}
{"inputs": {"userid": "blah4"}, "name": "VotingTask", "checksum": "cdfec3a8", "params": {"button_color": "#c0392b", "button_text": "Make Account"}, "time": 1455339245, "salt": "VotingTask", "event": "exposure"}
{"inputs": {"userid": "W87454530"}, "name": "VotingTask", "checksum": "cdfec3a8", "params": {"button_color": "#16a085", "button_text": "Welcome"}, "time": 1455339296, "salt": "VotingTask", "event": "exposure"}
{"inputs": {"userid": "W87454531"}, "name": "VotingTask", "checksum": "cdfec3a8", "params": {"button_color": "#16a085", "button_text": "Just Do It"}, "time": 1455339296, "salt": "VotingTask", "event": "exposure"}
{"inputs": {"userid": "W87454532"}, "name": "VotingTask", "checksum": "cdfec3a8", "params": {"button_color": "#c0392b", "button_text": "Join now"}, "time": 1455339296, "salt": "VotingTask", "event": "exposure"}
{"inputs": {"userid": "W87454533"}, "name": "VotingTask", "checksum": "cdfec3a8", "params": {"button_color": "#9b59b6", "button_text": "Welcome"}, "time": 1455339296, "salt": "VotingTask", "event": "exposure"}
{"inputs": {"userid": "W87454534"}, "name": "VotingTask", "checksum": "cdfec3a8", "params": {"button_color": "#FFA500", "button_text": "Just Do It"}, "time": 1455339296, "salt": "VotingTask", "event": "exposure"}
{"inputs": {"userid": "blah0"}, "name": "VotingTask", "checksum": "cdfec3a8", "params": {"button_color": "#9b59b6", "button_text": "Make Account"}, "time": 1455339300, "salt": "VotingTask", "event": "exposure"}
{"inputs": {"userid": "blah1"}, "name": "VotingTask", "checksum": "cdfec3a8", "params": {"button_color": "#c0392b", "button_text": "Join now"}, "time": 1455339300, "salt": "VotingTask", "event": "exposure"}
{"inputs": {"userid": "blah2"}, "name": "VotingTask", "checksum": "cdfec3a8", "params": {"button_color": "#c0392b", "button_text": "Welcome"}, "time": 1455339300, "salt": "VotingTask", "event": "exposure"}
{"inputs": {"userid": "blah3"}, "name": "VotingTask", "checksum": "cdfec3a8", "params": {"button_color": "#FFA500", "button_text": "Signup"}, "time": 1455339300, "salt": "VotingTask", "event": "exposure"}
{"inputs": {"userid": "blah4"}, "name": "VotingTask", "checksum": "cdfec3a8", "params": {"button_color": "#c0392b", "button_text": "Make Account"}, "time": 1455339300, "salt": "VotingTask", "event": "exposure"}
{"inputs": {"userid": "blah0"}, "name": "VotingTask", "checksum": "cdfec3a8", "params": {"button_color": "#9b59b6", "button_text": "Make Account"}, "time": 1455339366, "salt": "VotingTask", "event": "exposure"}
{"inputs": {"userid": "blah1"}, "name": "VotingTask", "checksum": "cdfec3a8", "params": {"button_color": "#c0392b", "button_text": "Join now"}, "time": 1455339366, "salt": "VotingTask", "event": "exposure"}
{"inputs": {"userid": "blah2"}, "name": "VotingTask", "checksum": "cdfec3a8", "params": {"button_color": "#c0392b", "button_text": "Welcome"}, "time": 1455339366, "salt": "VotingTask", "event": "exposure"}
{"inputs": {"userid": "blah3"}, "name": "VotingTask", "checksum": "cdfec3a8", "params": {"button_color": "#FFA500", "button_text": "Signup"}, "time": 1455339366, "salt": "VotingTask", "event": "exposure"}
{"inputs": {"userid": "blah4"}, "name": "VotingTask", "checksum": "cdfec3a8", "params": {"button_color": "#c0392b", "button_text": "Make Account"}, "time": 1455339366, "salt": "VotingTask", "event": "exposure"}
{"inputs": {"userid": "blah0"}, "name": "VotingTask", "checksum": "cdfec3a8", "params": {"button_color": "#9b59b6", "button_text": "Make Account"}, "time": 1455339419, "salt": "VotingTask", "event": "exposure"}
{"inputs": {"userid": "blah1"}, "name": "VotingTask", "checksum": "cdfec3a8", "params": {"button_color": "#c0392b", "button_text": "Join now"}, "time": 1455339419, "salt": "VotingTask", "event": "exposure"}
{"inputs": {"userid": "blah2"}, "name": "VotingTask", "checksum": "cdfec3a8", "params": {"button_color": "#c0392b", "button_text": "Welcome"}, "time": 1455339419, "salt": "VotingTask", "event": "exposure"}
{"inputs": {"userid": "blah3"}, "name": "VotingTask", "checksum": "cdfec3a8", "params": {"button_color": "#FFA500", "button_text": "Signup"}, "time": 1455339419, "salt": "VotingTask", "event": "exposure"}
{"inputs": {"userid": "blah4"}, "name": "VotingTask", "checksum": "cdfec3a8", "params": {"button_color": "#c0392b", "button_text": "Make Account"}, "time": 1455339419, "salt": "VotingTask", "event": "exposure"}
{"inputs": {"userid": "blah0"}, "name": "VotingTask", "checksum": "cdfec3a8", "params": {"button_color": "#9b59b6", "button_text": "Make Account"}, "time": 1455339476, "salt": "VotingTask", "event": "exposure"}
{"inputs": {"userid": "blah1"}, "name": "VotingTask", "checksum": "cdfec3a8", "params": {"button_color": "#c0392b", "button_text": "Join now"}, "time": 1455339476, "salt": "VotingTask", "event": "exposure"}
{"inputs": {"userid": "blah2"}, "name": "VotingTask", "checksum": "cdfec3a8", "params": {"button_color": "#c0392b", "button_text": "Welcome"}, "time": 1455339476, "salt": "VotingTask", "event": "exposure"}
{"inputs": {"userid": "blah3"}, "name": "VotingTask", "checksum": "cdfec3a8", "params": {"button_color": "#FFA500", "button_text": "Signup"}, "time": 1455339476, "salt": "VotingTask", "event": "exposure"}
{"inputs": {"userid": "blah4"}, "name": "VotingTask", "checksum": "cdfec3a8", "params": {"button_color": "#c0392b", "button_text": "Make Account"}, "time": 1455339476, "salt": "VotingTask", "event": "exposure"}
{"inputs": {"userid": "blah0"}, "name": "VotingTask", "checksum": "cdfec3a8", "params": {"button_color": "#9b59b6", "button_text": "Make Account"}, "time": 1455339477, "salt": "VotingTask", "event": "exposure"}
{"inputs": {"userid": "blah1"}, "name": "VotingTask", "checksum": "cdfec3a8", "params": {"button_color": "#c0392b", "button_text": "Join now"}, "time": 1455339477, "salt": "VotingTask", "event": "exposure"}
{"inputs": {"userid": "blah2"}, "name": "VotingTask", "checksum": "cdfec3a8", "params": {"button_color": "#c0392b", "button_text": "Welcome"}, "time": 1455339477, "salt": "VotingTask", "event": "exposure"}
{"inputs": {"userid": "blah3"}, "name": "VotingTask", "checksum": "cdfec3a8", "params": {"button_color": "#FFA500", "button_text": "Signup"}, "time": 1455339477, "salt": "VotingTask", "event": "exposure"}
{"inputs": {"userid": "blah4"}, "name": "VotingTask", "checksum": "cdfec3a8", "params": {"button_color": "#c0392b", "button_text": "Make Account"}, "time": 1455339477, "salt": "VotingTask", "event": "exposure"}
{"inputs": {"userid": "blah0"}, "name": "VotingTask", "checksum": "cdfec3a8", "params": {"button_color": "#9b59b6", "button_text": "Make Account"}, "time": 1455339498, "salt": "VotingTask", "event": "exposure"}
{"inputs": {"userid": "blah1"}, "name": "VotingTask", "checksum": "cdfec3a8", "params": {"button_color": "#c0392b", "button_text": "Join now"}, "time": 1455339498, "salt": "VotingTask", "event": "exposure"}
{"inputs": {"userid": "blah2"}, "name": "VotingTask", "checksum": "cdfec3a8", "params": {"button_color": "#c0392b", "button_text": "Welcome"}, "time": 1455339498, "salt": "VotingTask", "event": "exposure"}
{"inputs": {"userid": "blah3"}, "name": "VotingTask", "checksum": "cdfec3a8", "params": {"button_color": "#FFA500", "button_text": "Signup"}, "time": 1455339498, "salt": "VotingTask", "event": "exposure"}
{"inputs": {"userid": "blah4"}, "name": "VotingTask", "checksum": "cdfec3a8", "params": {"button_color": "#c0392b", "button_text": "Make Account"}, "time": 1455339498, "salt": "VotingTask", "event": "exposure"}
{"inputs": {"userid": "blah0"}, "name": "VotingTask", "checksum": "cdfec3a8", "params": {"button_color": "#9b59b6", "button_text": "Make Account"}, "time": 1455339500, "salt": "VotingTask", "event": "exposure"}
{"inputs": {"userid": "blah1"}, "name": "VotingTask", "checksum": "cdfec3a8", "params": {"button_color": "#c0392b", "button_text": "Join now"}, "time": 1455339500, "salt": "VotingTask", "event": "exposure"}
{"inputs": {"userid": "blah2"}, "name": "VotingTask", "checksum": "cdfec3a8", "params": {"button_color": "#c0392b", "button_text": "Welcome"}, "time": 1455339500, "salt": "VotingTask", "event": "exposure"}
{"inputs": {"userid": "blah3"}, "name": "VotingTask", "checksum": "cdfec3a8", "params": {"button_color": "#FFA500", "button_text": "Signup"}, "time": 1455339500, "salt": "VotingTask", "event": "exposure"}
{"inputs": {"userid": "blah4"}, "name": "VotingTask", "checksum": "cdfec3a8", "params": {"button_color": "#c0392b", "button_text": "Make Account"}, "time": 1455339500, "salt": "VotingTask", "event": "exposure"}
{"inputs": {"userid": "blah0"}, "name": "VotingTask", "checksum": "cdfec3a8", "params": {"button_color": "#9b59b6", "button_text": "Make Account"}, "time": 1455339557, "salt": "VotingTask", "event": "exposure"}
{"inputs": {"userid": "blah1"}, "name": "VotingTask", "checksum": "cdfec3a8", "params": {"button_color": "#c0392b", "button_text": "Join now"}, "time": 1455339557, "salt": "VotingTask", "event": "exposure"}
{"inputs": {"userid": "blah2"}, "name": "VotingTask", "checksum": "cdfec3a8", "params": {"button_color": "#c0392b", "button_text": "Welcome"}, "time": 1455339557, "salt": "VotingTask", "event": "exposure"}
{"inputs": {"userid": "blah3"}, "name": "VotingTask", "checksum": "cdfec3a8", "params": {"button_color": "#FFA500", "button_text": "Signup"}, "time": 1455339557, "salt": "VotingTask", "event": "exposure"}
{"inputs": {"userid": "blah4"}, "name": "VotingTask", "checksum": "cdfec3a8", "params": {"button_color": "#c0392b", "button_text": "Make Account"}, "time": 1455339557, "salt": "VotingTask", "event": "exposure"}
{"inputs": {"userid": "blah0"}, "name": "VotingTask", "checksum": "cdfec3a8", "params": {"button_color": "#9b59b6", "button_text": "Make Account"}, "time": 1455339558, "salt": "VotingTask", "event": "exposure"}
{"inputs": {"userid": "blah1"}, "name": "VotingTask", "checksum": "cdfec3a8", "params": {"button_color": "#c0392b", "button_text": "Join now"}, "time": 1455339558, "salt": "VotingTask", "event": "exposure"}
{"inputs": {"userid": "blah2"}, "name": "VotingTask", "checksum": "cdfec3a8", "params": {"button_color": "#c0392b", "button_text": "Welcome"}, "time": 1455339558, "salt": "VotingTask", "event": "exposure"}
{"inputs": {"userid": "blah3"}, "name": "VotingTask", "checksum": "cdfec3a8", "params": {"button_color": "#FFA500", "button_text": "Signup"}, "time": 1455339558, "salt": "VotingTask", "event": "exposure"}
{"inputs": {"userid": "blah4"}, "name": "VotingTask", "checksum": "cdfec3a8", "params": {"button_color": "#c0392b", "button_text": "Make Account"}, "time": 1455339558, "salt": "VotingTask", "event": "exposure"}
{"inputs": {"userid": "blah0"}, "name": "VotingTask", "checksum": "cdfec3a8", "params": {"button_color": "#9b59b6", "button_text": "Make Account"}, "time": 1455339599, "salt": "VotingTask", "event": "exposure"}
{"inputs": {"userid": "blah1"}, "name": "VotingTask", "checksum": "cdfec3a8", "params": {"button_color": "#c0392b", "button_text": "Join now"}, "time": 1455339599, "salt": "VotingTask", "event": "exposure"}
{"inputs": {"userid": "blah2"}, "name": "VotingTask", "checksum": "cdfec3a8", "params": {"button_color": "#c0392b", "button_text": "Welcome"}, "time": 1455339599, "salt": "VotingTask", "event": "exposure"}
{"inputs": {"userid": "blah3"}, "name": "VotingTask", "checksum": "cdfec3a8", "params": {"button_color": "#FFA500", "button_text": "Signup"}, "time": 1455339599, "salt": "VotingTask", "event": "exposure"}
{"inputs": {"userid": "blah4"}, "name": "VotingTask", "checksum": "cdfec3a8", "params": {"button_color": "#c0392b", "button_text": "Make Account"}, "time": 1455339599, "salt": "VotingTask", "event": "exposure"}
{"inputs": {"userid": "blah0"}, "name": "VotingTask", "checksum": "cdfec3a8", "params": {"button_color": "#9b59b6", "button_text": "Make Account"}, "time": 1455339600, "salt": "VotingTask", "event": "exposure"}
{"inputs": {"userid": "blah1"}, "name": "VotingTask", "checksum": "cdfec3a8", "params": {"button_color": "#c0392b", "button_text": "Join now"}, "time": 1455339600, "salt": "VotingTask", "event": "exposure"}
{"inputs": {"userid": "blah2"}, "name": "VotingTask", "checksum": "cdfec3a8", "params": {"button_color": "#c0392b", "button_text": "Welcome"}, "time": 1455339600, "salt": "VotingTask", "event": "exposure"}
{"inputs": {"userid": "blah3"}, "name": "VotingTask", "checksum": "cdfec3a8", "params": {"button_color": "#FFA500", "button_text": "Signup"}, "time": 1455339600, "salt": "VotingTask", "event": "exposure"}
{"inputs": {"userid": "blah4"}, "name": "VotingTask", "checksum": "cdfec3a8", "params": {"button_color": "#c0392b", "button_text": "Make Account"}, "time": 1455339600, "salt": "VotingTask", "event": "exposure"}
{"inputs": {"userid": "blah0"}, "name": "VotingTask", "checksum": "cdfec3a8", "params": {"button_color": "#9b59b6", "button_text": "Make Account"}, "time": 1455339762, "salt": "VotingTask", "event": "exposure"}
{"inputs": {"userid": "blah1"}, "name": "VotingTask", "checksum": "cdfec3a8", "params": {"button_color": "#c0392b", "button_text": "Join now"}, "time": 1455339762, "salt": "VotingTask", "event": "exposure"}
{"inputs": {"userid": "blah2"}, "name": "VotingTask", "checksum": "cdfec3a8", "params": {"button_color": "#c0392b", "button_text": "Welcome"}, "time": 1455339762, "salt": "VotingTask", "event": "exposure"}
{"inputs": {"userid": "blah3"}, "name": "VotingTask", "checksum": "cdfec3a8", "params": {"button_color": "#FFA500", "button_text": "Signup"}, "time": 1455339762, "salt": "VotingTask", "event": "exposure"}
{"inputs": {"userid": "blah4"}, "name": "VotingTask", "checksum": "cdfec3a8", "params": {"button_color": "#c0392b", "button_text": "Make Account"}, "time": 1455339762, "salt": "VotingTask", "event": "exposure"}
{"inputs": {"userid": "blah0"}, "name": "VotingTask", "checksum": "cdfec3a8", "params": {"button_color": "#9b59b6", "button_text": "Make Account"}, "time": 1455339765, "salt": "VotingTask", "event": "exposure"}
{"inputs": {"userid": "blah1"}, "name": "VotingTask", "checksum": "cdfec3a8", "params": {"button_color": "#c0392b", "button_text": "Join now"}, "time": 1455339765, "salt": "VotingTask", "event": "exposure"}
{"inputs": {"userid": "blah2"}, "name": "VotingTask", "checksum": "cdfec3a8", "params": {"button_color": "#c0392b", "button_text": "Welcome"}, "time": 1455339765, "salt": "VotingTask", "event": "exposure"}
{"inputs": {"userid": "blah3"}, "name": "VotingTask", "checksum": "cdfec3a8", "params": {"button_color": "#FFA500", "button_text": "Signup"}, "time": 1455339765, "salt": "VotingTask", "event": "exposure"}
{"inputs": {"userid": "blah4"}, "name": "VotingTask", "checksum": "cdfec3a8", "params": {"button_color": "#c0392b", "button_text": "Make Account"}, "time": 1455339765, "salt": "VotingTask", "event": "exposure"}
{"inputs": {"userid": "blah0"}, "name": "VotingTask", "checksum": "cdfec3a8", "params": {"button_color": "#9b59b6", "button_text": "Make Account"}, "time": 1455339765, "salt": "VotingTask", "event": "exposure"}
{"inputs": {"userid": "blah1"}, "name": "VotingTask", "checksum": "cdfec3a8", "params": {"button_color": "#c0392b", "button_text": "Join now"}, "time": 1455339765, "salt": "VotingTask", "event": "exposure"}
{"inputs": {"userid": "blah2"}, "name": "VotingTask", "checksum": "cdfec3a8", "params": {"button_color": "#c0392b", "button_text": "Welcome"}, "time": 1455339765, "salt": "VotingTask", "event": "exposure"}
{"inputs": {"userid": "blah3"}, "name": "VotingTask", "checksum": "cdfec3a8", "params": {"button_color": "#FFA500", "button_text": "Signup"}, "time": 1455339765, "salt": "VotingTask", "event": "exposure"}
{"inputs": {"userid": "blah4"}, "name": "VotingTask", "checksum": "cdfec3a8", "params": {"button_color": "#c0392b", "button_text": "Make Account"}, "time": 1455339765, "salt": "VotingTask", "event": "exposure"}
{"inputs": {"userid": "blah0"}, "name": "VotingTask", "checksum": "cdfec3a8", "params": {"button_color": "#9b59b6", "button_text": "Make Account"}, "time": 1455339765, "salt": "VotingTask", "event": "exposure"}
{"inputs": {"userid": "blah1"}, "name": "VotingTask", "checksum": "cdfec3a8", "params": {"button_color": "#c0392b", "button_text": "Join now"}, "time": 1455339765, "salt": "VotingTask", "event": "exposure"}
{"inputs": {"userid": "blah2"}, "name": "VotingTask", "checksum": "cdfec3a8", "params": {"button_color": "#c0392b", "button_text": "Welcome"}, "time": 1455339765, "salt": "VotingTask", "event": "exposure"}
{"inputs": {"userid": "blah3"}, "name": "VotingTask", "checksum": "cdfec3a8", "params": {"button_color": "#FFA500", "button_text": "Signup"}, "time": 1455339765, "salt": "VotingTask", "event": "exposure"}
{"inputs": {"userid": "blah4"}, "name": "VotingTask", "checksum": "cdfec3a8", "params": {"button_color": "#c0392b", "button_text": "Make Account"}, "time": 1455339765, "salt": "VotingTask", "event": "exposure"}
{"inputs": {"userid": "blah0"}, "name": "VotingTask", "checksum": "cdfec3a8", "params": {"button_color": "#9b59b6", "button_text": "Make Account"}, "time": 1455339765, "salt": "VotingTask", "event": "exposure"}
{"inputs": {"userid": "blah1"}, "name": "VotingTask", "checksum": "cdfec3a8", "params": {"button_color": "#c0392b", "button_text": "Join now"}, "time": 1455339765, "salt": "VotingTask", "event": "exposure"}
{"inputs": {"userid": "blah2"}, "name": "VotingTask", "checksum": "cdfec3a8", "params": {"button_color": "#c0392b", "button_text": "Welcome"}, "time": 1455339765, "salt": "VotingTask", "event": "exposure"}
{"inputs": {"userid": "blah3"}, "name": "VotingTask", "checksum": "cdfec3a8", "params": {"button_color": "#FFA500", "button_text": "Signup"}, "time": 1455339765, "salt": "VotingTask", "event": "exposure"}
{"inputs": {"userid": "blah4"}, "name": "VotingTask", "checksum": "cdfec3a8", "params": {"button_color": "#c0392b", "button_text": "Make Account"}, "time": 1455339765, "salt": "VotingTask", "event": "exposure"}
{"inputs": {"userid": "blah0"}, "name": "VotingTask", "checksum": "cdfec3a8", "params": {"button_color": "#9b59b6", "button_text": "Make Account"}, "time": 1455339766, "salt": "VotingTask", "event": "exposure"}
{"inputs": {"userid": "blah1"}, "name": "VotingTask", "checksum": "cdfec3a8", "params": {"button_color": "#c0392b", "button_text": "Join now"}, "time": 1455339766, "salt": "VotingTask", "event": "exposure"}
{"inputs": {"userid": "blah2"}, "name": "VotingTask", "checksum": "cdfec3a8", "params": {"button_color": "#c0392b", "button_text": "Welcome"}, "time": 1455339766, "salt": "VotingTask", "event": "exposure"}
{"inputs": {"userid": "blah3"}, "name": "VotingTask", "checksum": "cdfec3a8", "params": {"button_color": "#FFA500", "button_text": "Signup"}, "time": 1455339766, "salt": "VotingTask", "event": "exposure"}
{"inputs": {"userid": "blah4"}, "name": "VotingTask", "checksum": "cdfec3a8", "params": {"button_color": "#c0392b", "button_text": "Make Account"}, "time": 1455339766, "salt": "VotingTask", "event": "exposure"}
{"inputs": {"userid": "blah0"}, "name": "VotingTask", "checksum": "cdfec3a8", "params": {"button_color": "#9b59b6", "button_text": "Make Account"}, "time": 1455339766, "salt": "VotingTask", "event": "exposure"}
{"inputs": {"userid": "blah1"}, "name": "VotingTask", "checksum": "cdfec3a8", "params": {"button_color": "#c0392b", "button_text": "Join now"}, "time": 1455339766, "salt": "VotingTask", "event": "exposure"}
{"inputs": {"userid": "blah2"}, "name": "VotingTask", "checksum": "cdfec3a8", "params": {"button_color": "#c0392b", "button_text": "Welcome"}, "time": 1455339766, "salt": "VotingTask", "event": "exposure"}
{"inputs": {"userid": "blah3"}, "name": "VotingTask", "checksum": "cdfec3a8", "params": {"button_color": "#FFA500", "button_text": "Signup"}, "time": 1455339766, "salt": "VotingTask", "event": "exposure"}
{"inputs": {"userid": "blah4"}, "name": "VotingTask", "checksum": "cdfec3a8", "params": {"button_color": "#c0392b", "button_text": "Make Account"}, "time": 1455339766, "salt": "VotingTask", "event": "exposure"}
{"inputs": {"userid": "blah0"}, "name": "VotingTask", "checksum": "cdfec3a8", "params": {"button_color": "#9b59b6", "button_text": "Make Account"}, "time": 1455339766, "salt": "VotingTask", "event": "exposure"}
{"inputs": {"userid": "blah1"}, "name": "VotingTask", "checksum": "cdfec3a8", "params": {"button_color": "#c0392b", "button_text": "Join now"}, "time": 1455339766, "salt": "VotingTask", "event": "exposure"}
{"inputs": {"userid": "blah2"}, "name": "VotingTask", "checksum": "cdfec3a8", "params": {"button_color": "#c0392b", "button_text": "Welcome"}, "time": 1455339766, "salt": "VotingTask", "event": "exposure"}
{"inputs": {"userid": "blah3"}, "name": "VotingTask", "checksum": "cdfec3a8", "params": {"button_color": "#FFA500", "button_text": "Signup"}, "time": 1455339766, "salt": "VotingTask", "event": "exposure"}
{"inputs": {"userid": "blah4"}, "name": "VotingTask", "checksum": "cdfec3a8", "params": {"button_color": "#c0392b", "button_text": "Make Account"}, "time": 1455339766, "salt": "VotingTask", "event": "exposure"}
{"inputs": {"userid": "blah0"}, "name": "VotingTask", "checksum": "cdfec3a8", "params": {"button_color": "#9b59b6", "button_text": "Make Account"}, "time": 1455340396, "salt": "VotingTask", "event": "exposure"}
{"inputs": {"userid": "blah1"}, "name": "VotingTask", "checksum": "cdfec3a8", "params": {"button_color": "#c0392b", "button_text": "Join now"}, "time": 1455340396, "salt": "VotingTask", "event": "exposure"}
{"inputs": {"userid": "blah2"}, "name": "VotingTask", "checksum": "cdfec3a8", "params": {"button_color": "#c0392b", "button_text": "Welcome"}, "time": 1455340396, "salt": "VotingTask", "event": "exposure"}
{"inputs": {"userid": "blah3"}, "name": "VotingTask", "checksum": "cdfec3a8", "params": {"button_color": "#FFA500", "button_text": "Signup"}, "time": 1455340396, "salt": "VotingTask", "event": "exposure"}
{"inputs": {"userid": "blah4"}, "name": "VotingTask", "checksum": "cdfec3a8", "params": {"button_color": "#c0392b", "button_text": "Make Account"}, "time": 1455340396, "salt": "VotingTask", "event": "exposure"}
{"inputs": {"userid": "blah0"}, "name": "VotingTask", "checksum": "cdfec3a8", "params": {"button_color": "#9b59b6", "button_text": "Make Account"}, "time": 1455340397, "salt": "VotingTask", "event": "exposure"}
{"inputs": {"userid": "blah1"}, "name": "VotingTask", "checksum": "cdfec3a8", "params": {"button_color": "#c0392b", "button_text": "Join now"}, "time": 1455340397, "salt": "VotingTask", "event": "exposure"}
{"inputs": {"userid": "blah2"}, "name": "VotingTask", "checksum": "cdfec3a8", "params": {"button_color": "#c0392b", "button_text": "Welcome"}, "time": 1455340397, "salt": "VotingTask", "event": "exposure"}
{"inputs": {"userid": "blah3"}, "name": "VotingTask", "checksum": "cdfec3a8", "params": {"button_color": "#FFA500", "button_text": "Signup"}, "time": 1455340397, "salt": "VotingTask", "event": "exposure"}
{"inputs": {"userid": "blah4"}, "name": "VotingTask", "checksum": "cdfec3a8", "params": {"button_color": "#c0392b", "button_text": "Make Account"}, "time": 1455340397, "salt": "VotingTask", "event": "exposure"}
{"inputs": {"userid": "blah0"}, "name": "VotingTask", "checksum": "cdfec3a8", "params": {"button_color": "#9b59b6", "button_text": "Make Account"}, "time": 1455340415, "salt": "VotingTask", "event": "exposure"}
{"inputs": {"userid": "blah1"}, "name": "VotingTask", "checksum": "cdfec3a8", "params": {"button_color": "#c0392b", "button_text": "Join now"}, "time": 1455340415, "salt": "VotingTask", "event": "exposure"}
{"inputs": {"userid": "blah2"}, "name": "VotingTask", "checksum": "cdfec3a8", "params": {"button_color": "#c0392b", "button_text": "Welcome"}, "time": 1455340415, "salt": "VotingTask", "event": "exposure"}
{"inputs": {"userid": "blah3"}, "name": "VotingTask", "checksum": "cdfec3a8", "params": {"button_color": "#FFA500", "button_text": "Signup"}, "time": 1455340415, "salt": "VotingTask", "event": "exposure"}
{"inputs": {"userid": "blah4"}, "name": "VotingTask", "checksum": "cdfec3a8", "params": {"button_color": "#c0392b", "button_text": "Make Account"}, "time": 1455340415, "salt": "VotingTask", "event": "exposure"}
{"inputs": {"userid": "blah0"}, "name": "VotingTask", "checksum": "cdfec3a8", "params": {"button_color": "#9b59b6", "button_text": "Make Account"}, "time": 1455340428, "salt": "VotingTask", "event": "exposure"}
{"inputs": {"userid": "blah1"}, "name": "VotingTask", "checksum": "cdfec3a8", "params": {"button_color": "#c0392b", "button_text": "Join now"}, "time": 1455340428, "salt": "VotingTask", "event": "exposure"}
{"inputs": {"userid": "blah2"}, "name": "VotingTask", "checksum": "cdfec3a8", "params": {"button_color": "#c0392b", "button_text": "Welcome"}, "time": 1455340428, "salt": "VotingTask", "event": "exposure"}
{"inputs": {"userid": "blah3"}, "name": "VotingTask", "checksum": "cdfec3a8", "params": {"button_color": "#FFA500", "button_text": "Signup"}, "time": 1455340428, "salt": "VotingTask", "event": "exposure"}
{"inputs": {"userid": "blah4"}, "name": "VotingTask", "checksum": "cdfec3a8", "params": {"button_color": "#c0392b", "button_text": "Make Account"}, "time": 1455340428, "salt": "VotingTask", "event": "exposure"}
{"inputs": {"userid": "blah0"}, "name": "VotingTask", "checksum": "cdfec3a8", "params": {"button_color": "#9b59b6", "button_text": "Make Account"}, "time": 1455340437, "salt": "VotingTask", "event": "exposure"}
{"inputs": {"userid": "blah1"}, "name": "VotingTask", "checksum": "cdfec3a8", "params": {"button_color": "#c0392b", "button_text": "Join now"}, "time": 1455340437, "salt": "VotingTask", "event": "exposure"}
{"inputs": {"userid": "blah2"}, "name": "VotingTask", "checksum": "cdfec3a8", "params": {"button_color": "#c0392b", "button_text": "Welcome"}, "time": 1455340437, "salt": "VotingTask", "event": "exposure"}
{"inputs": {"userid": "blah3"}, "name": "VotingTask", "checksum": "cdfec3a8", "params": {"button_color": "#FFA500", "button_text": "Signup"}, "time": 1455340437, "salt": "VotingTask", "event": "exposure"}
{"inputs": {"userid": "blah4"}, "name": "VotingTask", "checksum": "cdfec3a8", "params": {"button_color": "#c0392b", "button_text": "Make Account"}, "time": 1455340437, "salt": "VotingTask", "event": "exposure"}
{"inputs": {"userid": "blah0"}, "name": "VotingTask", "checksum": "cdfec3a8", "params": {"button_color": "#9b59b6", "button_text": "Make Account"}, "time": 1455340488, "salt": "VotingTask", "event": "exposure"}
{"inputs": {"userid": "blah1"}, "name": "VotingTask", "checksum": "cdfec3a8", "params": {"button_color": "#c0392b", "button_text": "Join now"}, "time": 1455340488, "salt": "VotingTask", "event": "exposure"}
{"inputs": {"userid": "blah2"}, "name": "VotingTask", "checksum": "cdfec3a8", "params": {"button_color": "#c0392b", "button_text": "Welcome"}, "time": 1455340488, "salt": "VotingTask", "event": "exposure"}
{"inputs": {"userid": "blah3"}, "name": "VotingTask", "checksum": "cdfec3a8", "params": {"button_color": "#FFA500", "button_text": "Signup"}, "time": 1455340488, "salt": "VotingTask", "event": "exposure"}
{"inputs": {"userid": "blah4"}, "name": "VotingTask", "checksum": "cdfec3a8", "params": {"button_color": "#c0392b", "button_text": "Make Account"}, "time": 1455340488, "salt": "VotingTask", "event": "exposure"}
{"inputs": {"userid": "blah0"}, "name": "VotingTask", "checksum": "cdfec3a8", "params": {"button_color": "#9b59b6", "button_text": "Make Account"}, "time": 1455341866, "salt": "VotingTask", "event": "exposure"}
{"inputs": {"userid": "blah1"}, "name": "VotingTask", "checksum": "cdfec3a8", "params": {"button_color": "#c0392b", "button_text": "Join now"}, "time": 1455341866, "salt": "VotingTask", "event": "exposure"}
{"inputs": {"userid": "blah2"}, "name": "VotingTask", "checksum": "cdfec3a8", "params": {"button_color": "#c0392b", "button_text": "Welcome"}, "time": 1455341866, "salt": "VotingTask", "event": "exposure"}
{"inputs": {"userid": "blah3"}, "name": "VotingTask", "checksum": "cdfec3a8", "params": {"button_color": "#FFA500", "button_text": "Signup"}, "time": 1455341866, "salt": "VotingTask", "event": "exposure"}
{"inputs": {"userid": "blah4"}, "name": "VotingTask", "checksum": "cdfec3a8", "params": {"button_color": "#c0392b", "button_text": "Make Account"}, "time": 1455341866, "salt": "VotingTask", "event": "exposure"}
{"inputs": {"userid": "blah0"}, "name": "VotingTask", "checksum": "cdfec3a8", "params": {"button_color": "#9b59b6", "button_text": "Make Account"}, "time": 1455341932, "salt": "VotingTask", "event": "exposure"}
{"inputs": {"userid": "blah1"}, "name": "VotingTask", "checksum": "cdfec3a8", "params": {"button_color": "#c0392b", "button_text": "Join now"}, "time": 1455341932, "salt": "VotingTask", "event": "exposure"}
{"inputs": {"userid": "blah2"}, "name": "VotingTask", "checksum": "cdfec3a8", "params": {"button_color": "#c0392b", "button_text": "Welcome"}, "time": 1455341932, "salt": "VotingTask", "event": "exposure"}
{"inputs": {"userid": "blah3"}, "name": "VotingTask", "checksum": "cdfec3a8", "params": {"button_color": "#FFA500", "button_text": "Signup"}, "time": 1455341932, "salt": "VotingTask", "event": "exposure"}
{"inputs": {"userid": "blah4"}, "name": "VotingTask", "checksum": "cdfec3a8", "params": {"button_color": "#c0392b", "button_text": "Make Account"}, "time": 1455341932, "salt": "VotingTask", "event": "exposure"}
{"inputs": {"userid": "blah0"}, "name": "VotingTask", "checksum": "cdfec3a8", "params": {"button_color": "#9b59b6", "button_text": "Make Account"}, "time": 1455341941, "salt": "VotingTask", "event": "exposure"}
{"inputs": {"userid": "blah1"}, "name": "VotingTask", "checksum": "cdfec3a8", "params": {"button_color": "#c0392b", "button_text": "Join now"}, "time": 1455341941, "salt": "VotingTask", "event": "exposure"}
{"inputs": {"userid": "blah2"}, "name": "VotingTask", "checksum": "cdfec3a8", "params": {"button_color": "#c0392b", "button_text": "Welcome"}, "time": 1455341941, "salt": "VotingTask", "event": "exposure"}
{"inputs": {"userid": "blah3"}, "name": "VotingTask", "checksum": "cdfec3a8", "params": {"button_color": "#FFA500", "button_text": "Signup"}, "time": 1455341941, "salt": "VotingTask", "event": "exposure"}
{"inputs": {"userid": "blah4"}, "name": "VotingTask", "checksum": "cdfec3a8", "params": {"button_color": "#c0392b", "button_text": "Make Account"}, "time": 1455341941, "salt": "VotingTask", "event": "exposure"}
{"inputs": {"userid": "blah0"}, "name": "VotingTask", "checksum": "cdfec3a8", "params": {"button_color": "#9b59b6", "button_text": "Make Account"}, "time": 1455341973, "salt": "VotingTask", "event": "exposure"}
{"inputs": {"userid": "blah1"}, "name": "VotingTask", "checksum": "cdfec3a8", "params": {"button_color": "#c0392b", "button_text": "Join now"}, "time": 1455341973, "salt": "VotingTask", "event": "exposure"}
{"inputs": {"userid": "blah2"}, "name": "VotingTask", "checksum": "cdfec3a8", "params": {"button_color": "#c0392b", "button_text": "Welcome"}, "time": 1455341973, "salt": "VotingTask", "event": "exposure"}
{"inputs": {"userid": "blah3"}, "name": "VotingTask", "checksum": "cdfec3a8", "params": {"button_color": "#FFA500", "button_text": "Signup"}, "time": 1455341973, "salt": "VotingTask", "event": "exposure"}
{"inputs": {"userid": "blah4"}, "name": "VotingTask", "checksum": "cdfec3a8", "params": {"button_color": "#c0392b", "button_text": "Make Account"}, "time": 1455341973, "salt": "VotingTask", "event": "exposure"}
{"inputs": {"userid": "blah0"}, "name": "VotingTask", "checksum": "cdfec3a8", "params": {"button_color": "#9b59b6", "button_text": "Make Account"}, "time": 1455341993, "salt": "VotingTask", "event": "exposure"}
{"inputs": {"userid": "blah1"}, "name": "VotingTask", "checksum": "cdfec3a8", "params": {"button_color": "#c0392b", "button_text": "Join now"}, "time": 1455341993, "salt": "VotingTask", "event": "exposure"}
{"inputs": {"userid": "blah2"}, "name": "VotingTask", "checksum": "cdfec3a8", "params": {"button_color": "#c0392b", "button_text": "Welcome"}, "time": 1455341993, "salt": "VotingTask", "event": "exposure"}
{"inputs": {"userid": "blah3"}, "name": "VotingTask", "checksum": "cdfec3a8", "params": {"button_color": "#FFA500", "button_text": "Signup"}, "time": 1455341993, "salt": "VotingTask", "event": "exposure"}
{"inputs": {"userid": "blah4"}, "name": "VotingTask", "checksum": "cdfec3a8", "params": {"button_color": "#c0392b", "button_text": "Make Account"}, "time": 1455341993, "salt": "VotingTask", "event": "exposure"}
{"inputs": {"userid": "blah0"}, "name": "VotingTask", "checksum": "cdfec3a8", "params": {"button_color": "#9b59b6", "button_text": "Make Account"}, "time": 1455342047, "salt": "VotingTask", "event": "exposure"}
{"inputs": {"userid": "blah1"}, "name": "VotingTask", "checksum": "cdfec3a8", "params": {"button_color": "#c0392b", "button_text": "Join now"}, "time": 1455342047, "salt": "VotingTask", "event": "exposure"}
{"inputs": {"userid": "blah2"}, "name": "VotingTask", "checksum": "cdfec3a8", "params": {"button_color": "#c0392b", "button_text": "Welcome"}, "time": 1455342047, "salt": "VotingTask", "event": "exposure"}
{"inputs": {"userid": "blah3"}, "name": "VotingTask", "checksum": "cdfec3a8", "params": {"button_color": "#FFA500", "button_text": "Signup"}, "time": 1455342047, "salt": "VotingTask", "event": "exposure"}
{"inputs": {"userid": "blah4"}, "name": "VotingTask", "checksum": "cdfec3a8", "params": {"button_color": "#c0392b", "button_text": "Make Account"}, "time": 1455342047, "salt": "VotingTask", "event": "exposure"}
{"inputs": {"userid": "blah0"}, "name": "VotingTask", "checksum": "cdfec3a8", "params": {"button_color": "#9b59b6", "button_text": "Make Account"}, "time": 1455342092, "salt": "VotingTask", "event": "exposure"}
{"inputs": {"userid": "blah1"}, "name": "VotingTask", "checksum": "cdfec3a8", "params": {"button_color": "#c0392b", "button_text": "Join now"}, "time": 1455342092, "salt": "VotingTask", "event": "exposure"}
{"inputs": {"userid": "blah2"}, "name": "VotingTask", "checksum": "cdfec3a8", "params": {"button_color": "#c0392b", "button_text": "Welcome"}, "time": 1455342092, "salt": "VotingTask", "event": "exposure"}
{"inputs": {"userid": "blah3"}, "name": "VotingTask", "checksum": "cdfec3a8", "params": {"button_color": "#FFA500", "button_text": "Signup"}, "time": 1455342092, "salt": "VotingTask", "event": "exposure"}
{"inputs": {"userid": "blah4"}, "name": "VotingTask", "checksum": "cdfec3a8", "params": {"button_color": "#c0392b", "button_text": "Make Account"}, "time": 1455342092, "salt": "VotingTask", "event": "exposure"}
